Arguments: 
  /usr/local/bin/node /Users/terjekarlsen/.yarn/bin/yarn.js run

PATH: 
  /Users/terjekarlsen/.yarn/bin:/Users/terjekarlsen/.config/yarn/global/node_modules/.bin:/Library/Frameworks/Python.framework/Versions/3.6/bin:/usr/local/bin:/usr/bin:/bin:/usr/sbin:/sbin:/Users/terjekarlsen/.yarn/bin:/Users/terjekarlsen/.config/yarn/global/node_modules/.bin:/Library/Frameworks/Python.framework/Versions/3.6/bin

Yarn version: 
  1.19.0

Node version: 
  8.11.1

Platform: 
  darwin x64

Trace: 
  SyntaxError: /Users/terjekarlsen/Development Projects/Web projects/NationalID/code/package.json: Unexpected token } in JSON at position 224
      at JSON.parse (<anonymous>)
      at /Users/terjekarlsen/.yarn/lib/cli.js:1625:59
      at Generator.next (<anonymous>)
      at step (/Users/terjekarlsen/.yarn/lib/cli.js:304:30)
      at /Users/terjekarlsen/.yarn/lib/cli.js:315:13
      at <anonymous>

npm manifest: 
  {
    "name": "NationalID",
    "version": "0.1.0",
    "description": "Helper collections for validating and creating mock national ID numbers.",
    "main": "index.ts",
    "scripts": {
      "run": "tsc -w",
      "build": "tsc -b",
    },
    "repository": "https://github.com/terjeofnorway/NationalID.git",
    "author": "terjeofnorway",
    "license": "GNU GPLv3",
    "keywords": [
      "national",
      "fødselsnummer",
      "d-nummer",
      "birth number"
    ],
    "dependencies": {
      "@types/node": "^13.1.4",
      "typescript": "^3.7.4"
    }
  }

yarn manifest: 
  No manifest

Lockfile: 
  # THIS IS AN AUTOGENERATED FILE. DO NOT EDIT THIS FILE DIRECTLY.
  # yarn lockfile v1
  
  
  "@types/node@^13.1.4":
    version "13.1.4"
    resolved "https://registry.yarnpkg.com/@types/node/-/node-13.1.4.tgz#4cfd90175a200ee9b02bd6b1cd19bc349741607e"
    integrity sha512-Lue/mlp2egZJoHXZr4LndxDAd7i/7SQYhV0EjWfb/a4/OZ6tuVwMCVPiwkU5nsEipxEf7hmkSU7Em5VQ8P5NGA==
  
  typescript@^3.7.4:
    version "3.7.4"
    resolved "https://registry.yarnpkg.com/typescript/-/typescript-3.7.4.tgz#1743a5ec5fef6a1fa9f3e4708e33c81c73876c19"
    integrity sha512-A25xv5XCtarLwXpcDNZzCGvW2D1S3/bACratYBx2sax8PefsFhlYmkQicKHvpYflFS8if4zne5zT5kpJ7pzuvw==
